Using pre-set license
Built from '2020.3/staging' branch; Version is '2020.3.13f1 (71691879b7f5) revision 7432472'; Using compiler version '192528614'; Build Type 'Release'
OS: 'Windows 10 Education; OS build 19042.1288; Version 2009; 64bit' Language: 'fr' Physical Memory: 32716 MB
BatchMode: 1, IsHumanControllingUs: 0, StartBugReporterOnCrash: 0, Is64bit: 1, IsPro: 0

 COMMAND LINE ARGUMENTS:
C:\Program Files\Unity\Editor\Unity.exe
-adb2
-batchMode
-noUpm
-name
AssetImportWorker0
-projectPath
C:/Users/bhollebecq/Documents/GitHub/LumberjackSimulator/LumberjackSimulator
-logFile
Logs/AssetImportWorker0.log
-srvPort
59954
Successfully changed project path to: C:/Users/bhollebecq/Documents/GitHub/LumberjackSimulator/LumberjackSimulator
C:/Users/bhollebecq/Documents/GitHub/LumberjackSimulator/LumberjackSimulator
Using Asset Import Pipeline V2.
Refreshing native plugins compatible for Editor in 145.35 ms, found 7 plugins.
Preloading 0 native plugins for Editor in 0.00 ms.
Initialize engine version: 2020.3.13f1 (71691879b7f5)
[Subsystems] Discovering subsystems at path C:/Program Files/Unity/Editor/Data/Resources/UnitySubsystems
[Subsystems] Discovering subsystems at path C:/Users/bhollebecq/Documents/GitHub/LumberjackSimulator/LumberjackSimulator/Assets
GfxDevice: creating device client; threaded=0
Direct3D:
    Version:  Direct3D 11.0 [level 11.1]
    Renderer: NVIDIA GeForce RTX 2060 (ID=0x1e89)
    Vendor:   
    VRAM:     5967 MB
    Driver:   27.21.14.5671
Initialize mono
Mono path[0] = 'C:/Program Files/Unity/Editor/Data/Managed'
Mono path[1] = 'C:/Program Files/Unity/Editor/Data/MonoBleedingEdge/lib/mono/unityjit'
Mono config path = 'C:/Program Files/Unity/Editor/Data/MonoBleedingEdge/etc'
Using monoOptions --debugger-agent=transport=dt_socket,embedding=1,server=y,suspend=n,address=127.0.0.1:56356
Begin MonoManager ReloadAssembly
Registering precompiled unity dll's ...
Register platform support module: C:/Program Files/Unity/Editor/Data/PlaybackEngines/WindowsStandaloneSupport/UnityEditor.WindowsStandalone.Extensions.dll
Registered in 0.001862 seconds.
Native extension for WindowsStandalone target not found
Refreshing native plugins compatible for Editor in 30.05 ms, found 7 plugins.
Preloading 0 native plugins for Editor in 0.00 ms.
Mono: successfully reloaded assembly
- Completed reload, in  0.900 seconds
Platform modules already initialized, skipping
Registering precompiled user dll's ...
Registered in 0.010443 seconds.
Begin MonoManager ReloadAssembly
Native extension for WindowsStandalone target not found
Refreshing native plugins compatible for Editor in 29.27 ms, found 7 plugins.
Preloading 0 native plugins for Editor in 0.00 ms.
Mono: successfully reloaded assembly
- Completed reload, in  0.988 seconds
Platform modules already initialized, skipping
========================================================================
Worker process is ready to serve import requests
Launched and connected shader compiler UnityShaderCompiler.exe after 0.03 seconds
Refreshing native plugins compatible for Editor in 0.54 ms, found 7 plugins.
Preloading 0 native plugins for Editor in 0.00 ms.
Unloading 1862 Unused Serialized files (Serialized files now loaded: 0)
System memory in use before: 82.5 MB.
System memory in use after: 82.5 MB.

Unloading 39 unused Assets to reduce memory usage. Loaded Objects now: 2301.
Total: 2.056100 ms (FindLiveObjects: 0.173000 ms CreateObjectMapping: 0.040200 ms MarkObjects: 1.765800 ms  DeleteObjects: 0.076100 ms)

AssetImportParameters requested are different than current active one (requested -> active):
  custom:framework-win-MediaFoundation: 216162199b28c13a410421893ffa2e32 -> 
  custom:video-decoder-ogg-theora: a1e56fd34408186e4bbccfd4996cb3dc -> 
  custom:container-muxer-webm: aa71ff27fc2769a1b78a27578f13a17b -> 
  custom:container-demuxer-webm: 4f35f7cbe854078d1ac9338744f61a02 -> 
  custom:container-demuxer-ogg: 62fdf1f143b41e24485cea50d1cbac27 -> 
  custom:video-encoder-webm-vp8: eb34c28f22e8b96e1ab97ce403110664 -> 
  custom:video-decoder-webm-vp8: 9c59270c3fd7afecdb556c50c9e8de78 -> 
  custom:audio-decoder-ogg-vorbis: bf7c407c2cedff20999df2af8eb42d56 -> 
  custom:audio-encoder-webm-vorbis: bf7c407c2cedff20999df2af8eb42d56 -> 
========================================================================
Received Import Request.
  path: Assets/XR
  artifactKey: Guid(dd0eaf55c78cf3447ba91d456ece86eb) Importer(815301076,1909f56bfc062723c751e8b465ee728b)
Start importing Assets/XR using Guid(dd0eaf55c78cf3447ba91d456ece86eb) Importer(815301076,1909f56bfc062723c751e8b465ee728b)  -> (artifact id: 'c66b96fb81f0d46a477622bb984032ea') in 0.006076 seconds 
  Import took 0.008694 seconds .

========================================================================
Received Import Request.
  Time since last request: 3.408244 seconds.
  path: Assets/XR/XRGeneralSettings.asset
  artifactKey: Guid(531d46cd1f4ff6e4a8c6f0c74bec6618) Importer(815301076,1909f56bfc062723c751e8b465ee728b)
Start importing Assets/XR/XRGeneralSettings.asset using Guid(531d46cd1f4ff6e4a8c6f0c74bec6618) Importer(815301076,1909f56bfc062723c751e8b465ee728b)  -> (artifact id: '308f55214ee007121590f8934f933071') in 0.028958 seconds 
  Import took 0.031655 seconds .

========================================================================
Received Prepare
Registering precompiled user dll's ...
Registered in 0.010221 seconds.
Begin MonoManager ReloadAssembly
Native extension for WindowsStandalone target not found
Refreshing native plugins compatible for Editor in 0.59 ms, found 7 plugins.
Preloading 0 native plugins for Editor in 0.00 ms.
Mono: successfully reloaded assembly
- Completed reload, in  0.911 seconds
Platform modules already initialized, skipping
Refreshing native plugins compatible for Editor in 0.55 ms, found 7 plugins.
Preloading 0 native plugins for Editor in 0.00 ms.
Unloading 1860 Unused Serialized files (Serialized files now loaded: 0)
System memory in use before: 82.5 MB.
System memory in use after: 82.6 MB.

Unloading 32 unused Assets to reduce memory usage. Loaded Objects now: 2314.
Total: 2.462800 ms (FindLiveObjects: 0.188400 ms CreateObjectMapping: 0.049700 ms MarkObjects: 2.153300 ms  DeleteObjects: 0.070100 ms)

AssetImportParameters requested are different than current active one (requested -> active):
  custom:framework-win-MediaFoundation: 216162199b28c13a410421893ffa2e32 -> 
  custom:video-decoder-ogg-theora: a1e56fd34408186e4bbccfd4996cb3dc -> 
  custom:container-muxer-webm: aa71ff27fc2769a1b78a27578f13a17b -> 
  custom:container-demuxer-webm: 4f35f7cbe854078d1ac9338744f61a02 -> 
  custom:container-demuxer-ogg: 62fdf1f143b41e24485cea50d1cbac27 -> 
  custom:video-encoder-webm-vp8: eb34c28f22e8b96e1ab97ce403110664 -> 
  custom:video-decoder-webm-vp8: 9c59270c3fd7afecdb556c50c9e8de78 -> 
  custom:audio-decoder-ogg-vorbis: bf7c407c2cedff20999df2af8eb42d56 -> 
  custom:audio-encoder-webm-vorbis: bf7c407c2cedff20999df2af8eb42d56 -> 
========================================================================
Received Import Request.
  Time since last request: 84.263277 seconds.
  path: Assets/Samples
  artifactKey: Guid(07d7ae830f6fd8449b60cd9795ee06db) Importer(815301076,1909f56bfc062723c751e8b465ee728b)
Start importing Assets/Samples using Guid(07d7ae830f6fd8449b60cd9795ee06db) Importer(815301076,1909f56bfc062723c751e8b465ee728b)  -> (artifact id: 'c6ce2afd8fea293f04e6f53da4b05ec7') in 0.007363 seconds 
  Import took 0.009804 seconds .

========================================================================
Received Import Request.
  Time since last request: 3.411262 seconds.
  path: Assets/Samples/OpenXR Plugin
  artifactKey: Guid(25148d070fda33e44a2d61529c1603dd) Importer(815301076,1909f56bfc062723c751e8b465ee728b)
Start importing Assets/Samples/OpenXR Plugin using Guid(25148d070fda33e44a2d61529c1603dd) Importer(815301076,1909f56bfc062723c751e8b465ee728b)  -> (artifact id: '3111fb866c2abfb3c36f02fa907989b1') in 0.003867 seconds 
  Import took 0.006550 seconds .

========================================================================
Received Import Request.
  Time since last request: 0.912960 seconds.
  path: Assets/Samples/OpenXR Plugin/1.2.8
  artifactKey: Guid(aff515870f77d234ca35e0fd47ff2bd4) Importer(815301076,1909f56bfc062723c751e8b465ee728b)
Start importing Assets/Samples/OpenXR Plugin/1.2.8 using Guid(aff515870f77d234ca35e0fd47ff2bd4) Importer(815301076,1909f56bfc062723c751e8b465ee728b)  -> (artifact id: 'b0b009b3eb9f93f546b833221f889616') in 0.002672 seconds 
  Import took 0.005258 seconds .

========================================================================
Received Import Request.
  Time since last request: 0.706717 seconds.
  path: Assets/Samples/OpenXR Plugin/1.2.8/Controller
  artifactKey: Guid(cbf5734eedab40b42962c612d4de18ea) Importer(815301076,1909f56bfc062723c751e8b465ee728b)
Start importing Assets/Samples/OpenXR Plugin/1.2.8/Controller using Guid(cbf5734eedab40b42962c612d4de18ea) Importer(815301076,1909f56bfc062723c751e8b465ee728b)  -> (artifact id: '0397b74d6d93f187ab97c0d316091f98') in 0.003863 seconds 
  Import took 0.006580 seconds .

========================================================================
Received Import Request.
  Time since last request: 77.288601 seconds.
  path: Assets/Samples/OpenXR Plugin/1.2.8/Controller/ControllerSample.unity
  artifactKey: Guid(edb91e86bd8b7dc4ca40ad6c3167de73) Importer(815301076,1909f56bfc062723c751e8b465ee728b)
Start importing Assets/Samples/OpenXR Plugin/1.2.8/Controller/ControllerSample.unity using Guid(edb91e86bd8b7dc4ca40ad6c3167de73) Importer(815301076,1909f56bfc062723c751e8b465ee728b)  -> (artifact id: 'ed20825be46b2da89503a7dc2c2980b2') in 0.009389 seconds 
  Import took 0.012186 seconds .

========================================================================
Received Import Request.
  Time since last request: 0.000388 seconds.
  path: Assets/Samples/OpenXR Plugin/1.2.8/Controller/ControllerSample.unity
  artifactKey: Guid(edb91e86bd8b7dc4ca40ad6c3167de73) Importer(815301076,1909f56bfc062723c751e8b465ee728b)
Start importing Assets/Samples/OpenXR Plugin/1.2.8/Controller/ControllerSample.unity using Guid(edb91e86bd8b7dc4ca40ad6c3167de73) Importer(815301076,1909f56bfc062723c751e8b465ee728b)  -> (artifact id: 'ed20825be46b2da89503a7dc2c2980b2') in 0.002632 seconds 
  Import took 0.004560 seconds .

========================================================================
Received Prepare
Registering precompiled user dll's ...
Registered in 0.010565 seconds.
Begin MonoManager ReloadAssembly
Native extension for WindowsStandalone target not found
Refreshing native plugins compatible for Editor in 0.57 ms, found 7 plugins.
Preloading 0 native plugins for Editor in 0.00 ms.
Mono: successfully reloaded assembly
- Completed reload, in  0.897 seconds
Platform modules already initialized, skipping
Refreshing native plugins compatible for Editor in 0.57 ms, found 7 plugins.
Preloading 0 native plugins for Editor in 0.00 ms.
Unloading 1860 Unused Serialized files (Serialized files now loaded: 0)
System memory in use before: 82.6 MB.
System memory in use after: 82.7 MB.

Unloading 32 unused Assets to reduce memory usage. Loaded Objects now: 2318.
Total: 2.087100 ms (FindLiveObjects: 0.198900 ms CreateObjectMapping: 0.051800 ms MarkObjects: 1.772400 ms  DeleteObjects: 0.062800 ms)

AssetImportParameters requested are different than current active one (requested -> active):
  custom:framework-win-MediaFoundation: 216162199b28c13a410421893ffa2e32 -> 
  custom:video-decoder-ogg-theora: a1e56fd34408186e4bbccfd4996cb3dc -> 
  custom:container-muxer-webm: aa71ff27fc2769a1b78a27578f13a17b -> 
  custom:container-demuxer-webm: 4f35f7cbe854078d1ac9338744f61a02 -> 
  custom:container-demuxer-ogg: 62fdf1f143b41e24485cea50d1cbac27 -> 
  custom:video-encoder-webm-vp8: eb34c28f22e8b96e1ab97ce403110664 -> 
  custom:video-decoder-webm-vp8: 9c59270c3fd7afecdb556c50c9e8de78 -> 
  custom:audio-decoder-ogg-vorbis: bf7c407c2cedff20999df2af8eb42d56 -> 
  custom:audio-encoder-webm-vorbis: bf7c407c2cedff20999df2af8eb42d56 -> 
AssetImportWorkerClient::OnTransportError - code=2 error=End of file
