Using pre-set license
Built from '2020.3/staging' branch; Version is '2020.3.13f1 (71691879b7f5) revision 7432472'; Using compiler version '192528614'; Build Type 'Release'
OS: 'Windows 10 Pro; OS build 19042.1348; Version 2009; 64bit' Language: 'fr' Physical Memory: 32716 MB
BatchMode: 1, IsHumanControllingUs: 0, StartBugReporterOnCrash: 0, Is64bit: 1, IsPro: 0

 COMMAND LINE ARGUMENTS:
C:\Program Files\Unity\Editor\Unity.exe
-adb2
-batchMode
-noUpm
-name
AssetImportWorker0
-projectPath
C:/Users/bhollebecq/Documents/GitHub/LumberjackSimulator/LumberJackSimulator
-logFile
Logs/AssetImportWorker0.log
-srvPort
52386
Successfully changed project path to: C:/Users/bhollebecq/Documents/GitHub/LumberjackSimulator/LumberJackSimulator
C:/Users/bhollebecq/Documents/GitHub/LumberjackSimulator/LumberJackSimulator
Using Asset Import Pipeline V2.
Refreshing native plugins compatible for Editor in 198.20 ms, found 7 plugins.
Preloading 0 native plugins for Editor in 0.00 ms.
Initialize engine version: 2020.3.13f1 (71691879b7f5)
[Subsystems] Discovering subsystems at path C:/Program Files/Unity/Editor/Data/Resources/UnitySubsystems
[Subsystems] Discovering subsystems at path C:/Users/bhollebecq/Documents/GitHub/LumberjackSimulator/LumberJackSimulator/Assets
GfxDevice: creating device client; threaded=0
Direct3D:
    Version:  Direct3D 11.0 [level 11.1]
    Renderer: NVIDIA GeForce RTX 2060 (ID=0x1f08)
    Vendor:   
    VRAM:     5980 MB
    Driver:   27.21.14.5671
Initialize mono
Mono path[0] = 'C:/Program Files/Unity/Editor/Data/Managed'
Mono path[1] = 'C:/Program Files/Unity/Editor/Data/MonoBleedingEdge/lib/mono/unityjit'
Mono config path = 'C:/Program Files/Unity/Editor/Data/MonoBleedingEdge/etc'
Using monoOptions --debugger-agent=transport=dt_socket,embedding=1,server=y,suspend=n,address=127.0.0.1:56836
Begin MonoManager ReloadAssembly
Registering precompiled unity dll's ...
Register platform support module: C:/Program Files/Unity/Editor/Data/PlaybackEngines/WindowsStandaloneSupport/UnityEditor.WindowsStandalone.Extensions.dll
Registered in 0.002059 seconds.
Native extension for WindowsStandalone target not found
Refreshing native plugins compatible for Editor in 32.48 ms, found 7 plugins.
Preloading 0 native plugins for Editor in 0.00 ms.
Mono: successfully reloaded assembly
- Completed reload, in  0.922 seconds
Platform modules already initialized, skipping
Registering precompiled user dll's ...
Registered in 0.011633 seconds.
Begin MonoManager ReloadAssembly
Native extension for WindowsStandalone target not found
Refreshing native plugins compatible for Editor in 31.48 ms, found 7 plugins.
Preloading 0 native plugins for Editor in 0.00 ms.
Mono: successfully reloaded assembly
- Completed reload, in  0.980 seconds
Platform modules already initialized, skipping
========================================================================
Worker process is ready to serve import requests
Launched and connected shader compiler UnityShaderCompiler.exe after 0.03 seconds
Refreshing native plugins compatible for Editor in 0.59 ms, found 7 plugins.
Preloading 0 native plugins for Editor in 0.00 ms.
Unloading 1871 Unused Serialized files (Serialized files now loaded: 0)
System memory in use before: 82.7 MB.
System memory in use after: 82.7 MB.

Unloading 39 unused Assets to reduce memory usage. Loaded Objects now: 2310.
Total: 2.259200 ms (FindLiveObjects: 0.215400 ms CreateObjectMapping: 0.044100 ms MarkObjects: 1.916900 ms  DeleteObjects: 0.081700 ms)

AssetImportParameters requested are different than current active one (requested -> active):
  custom:framework-win-MediaFoundation: 216162199b28c13a410421893ffa2e32 -> 
  custom:video-decoder-ogg-theora: a1e56fd34408186e4bbccfd4996cb3dc -> 
  custom:container-muxer-webm: aa71ff27fc2769a1b78a27578f13a17b -> 
  custom:container-demuxer-webm: 4f35f7cbe854078d1ac9338744f61a02 -> 
  custom:container-demuxer-ogg: 62fdf1f143b41e24485cea50d1cbac27 -> 
  custom:video-encoder-webm-vp8: eb34c28f22e8b96e1ab97ce403110664 -> 
  custom:video-decoder-webm-vp8: 9c59270c3fd7afecdb556c50c9e8de78 -> 
  custom:audio-decoder-ogg-vorbis: bf7c407c2cedff20999df2af8eb42d56 -> 
  custom:audio-encoder-webm-vorbis: bf7c407c2cedff20999df2af8eb42d56 -> 
========================================================================
Received Import Request.
  path: Assets/Samples/OpenXR Plugin/1.2.8
  artifactKey: Guid(bf234647d0db7524e89edf03898b40c5) Importer(815301076,1909f56bfc062723c751e8b465ee728b)
Start importing Assets/Samples/OpenXR Plugin/1.2.8 using Guid(bf234647d0db7524e89edf03898b40c5) Importer(815301076,1909f56bfc062723c751e8b465ee728b)  -> (artifact id: 'f07fadb128d04286ee48778a307ccdcb') in 0.008093 seconds 
  Import took 0.010772 seconds .

========================================================================
Received Import Request.
  Time since last request: 0.000669 seconds.
  path: Assets/Samples/OpenXR Plugin/1.2.8
  artifactKey: Guid(bf234647d0db7524e89edf03898b40c5) Importer(815301076,1909f56bfc062723c751e8b465ee728b)
Start importing Assets/Samples/OpenXR Plugin/1.2.8 using Guid(bf234647d0db7524e89edf03898b40c5) Importer(815301076,1909f56bfc062723c751e8b465ee728b)  -> (artifact id: 'f07fadb128d04286ee48778a307ccdcb') in 0.002240 seconds 
  Import took 0.004177 seconds .

========================================================================
Received Import Request.
  Time since last request: 2.785418 seconds.
  path: Assets/Samples/OpenXR Plugin/1.2.8/Controller
  artifactKey: Guid(e4ad9d8c28ab8f94db12cd7522cb81ad) Importer(815301076,1909f56bfc062723c751e8b465ee728b)
Start importing Assets/Samples/OpenXR Plugin/1.2.8/Controller using Guid(e4ad9d8c28ab8f94db12cd7522cb81ad) Importer(815301076,1909f56bfc062723c751e8b465ee728b)  -> (artifact id: '07093af5a36a8375caed0665fb0acf7a') in 0.002887 seconds 
  Import took 0.005514 seconds .

========================================================================
Received Import Request.
  Time since last request: 1.212356 seconds.
  path: Assets/Samples/OpenXR Plugin/1.2.8/Controller/ControllerSample.unity
  artifactKey: Guid(edb91e86bd8b7dc4ca40ad6c3167de73) Importer(815301076,1909f56bfc062723c751e8b465ee728b)
Start importing Assets/Samples/OpenXR Plugin/1.2.8/Controller/ControllerSample.unity using Guid(edb91e86bd8b7dc4ca40ad6c3167de73) Importer(815301076,1909f56bfc062723c751e8b465ee728b)  -> (artifact id: 'ed20825be46b2da89503a7dc2c2980b2') in 0.008717 seconds 
  Import took 0.011364 seconds .

AssetImportWorkerClient::OnTransportError - code=2 error=End of file
