Using pre-set license
Built from '2020.3/staging' branch; Version is '2020.3.13f1 (71691879b7f5) revision 7432472'; Using compiler version '192528614'; Build Type 'Release'
OS: 'Windows 10 Pro; OS build 19042.1348; Version 2009; 64bit' Language: 'fr' Physical Memory: 32716 MB
BatchMode: 1, IsHumanControllingUs: 0, StartBugReporterOnCrash: 0, Is64bit: 1, IsPro: 0

 COMMAND LINE ARGUMENTS:
C:\Program Files\Unity\Editor\Unity.exe
-adb2
-batchMode
-noUpm
-name
AssetImportWorker0
-projectPath
C:/Users/bhollebecq/Documents/GitHub/LumberjackSimulator/LumberJackSimulator
-logFile
Logs/AssetImportWorker0.log
-srvPort
55419
Successfully changed project path to: C:/Users/bhollebecq/Documents/GitHub/LumberjackSimulator/LumberJackSimulator
C:/Users/bhollebecq/Documents/GitHub/LumberjackSimulator/LumberJackSimulator
Using Asset Import Pipeline V2.
Refreshing native plugins compatible for Editor in 42.71 ms, found 7 plugins.
Preloading 0 native plugins for Editor in 0.00 ms.
Initialize engine version: 2020.3.13f1 (71691879b7f5)
[Subsystems] Discovering subsystems at path C:/Program Files/Unity/Editor/Data/Resources/UnitySubsystems
[Subsystems] Discovering subsystems at path C:/Users/bhollebecq/Documents/GitHub/LumberjackSimulator/LumberJackSimulator/Assets
GfxDevice: creating device client; threaded=0
Direct3D:
    Version:  Direct3D 11.0 [level 11.1]
    Renderer: NVIDIA GeForce RTX 2060 (ID=0x1f08)
    Vendor:   
    VRAM:     5980 MB
    Driver:   27.21.14.5671
Initialize mono
Mono path[0] = 'C:/Program Files/Unity/Editor/Data/Managed'
Mono path[1] = 'C:/Program Files/Unity/Editor/Data/MonoBleedingEdge/lib/mono/unityjit'
Mono config path = 'C:/Program Files/Unity/Editor/Data/MonoBleedingEdge/etc'
Using monoOptions --debugger-agent=transport=dt_socket,embedding=1,server=y,suspend=n,address=127.0.0.1:56288
Begin MonoManager ReloadAssembly
Registering precompiled unity dll's ...
Register platform support module: C:/Program Files/Unity/Editor/Data/PlaybackEngines/WindowsStandaloneSupport/UnityEditor.WindowsStandalone.Extensions.dll
Registered in 0.002297 seconds.
Native extension for WindowsStandalone target not found
Refreshing native plugins compatible for Editor in 31.38 ms, found 7 plugins.
Preloading 0 native plugins for Editor in 0.00 ms.
Mono: successfully reloaded assembly
- Completed reload, in  0.843 seconds
Platform modules already initialized, skipping
Registering precompiled user dll's ...
Registered in 0.010733 seconds.
Begin MonoManager ReloadAssembly
Native extension for WindowsStandalone target not found
Refreshing native plugins compatible for Editor in 32.05 ms, found 7 plugins.
Preloading 0 native plugins for Editor in 0.00 ms.
Mono: successfully reloaded assembly
- Completed reload, in  0.983 seconds
Platform modules already initialized, skipping
========================================================================
Worker process is ready to serve import requests
Launched and connected shader compiler UnityShaderCompiler.exe after 0.03 seconds
Refreshing native plugins compatible for Editor in 0.54 ms, found 7 plugins.
Preloading 0 native plugins for Editor in 0.00 ms.
Unloading 1871 Unused Serialized files (Serialized files now loaded: 0)
System memory in use before: 82.8 MB.
System memory in use after: 82.8 MB.

Unloading 39 unused Assets to reduce memory usage. Loaded Objects now: 2311.
Total: 2.024600 ms (FindLiveObjects: 0.183400 ms CreateObjectMapping: 0.041700 ms MarkObjects: 1.727800 ms  DeleteObjects: 0.070900 ms)

AssetImportParameters requested are different than current active one (requested -> active):
  custom:framework-win-MediaFoundation: 216162199b28c13a410421893ffa2e32 -> 
  custom:video-decoder-ogg-theora: a1e56fd34408186e4bbccfd4996cb3dc -> 
  custom:container-muxer-webm: aa71ff27fc2769a1b78a27578f13a17b -> 
  custom:container-demuxer-webm: 4f35f7cbe854078d1ac9338744f61a02 -> 
  custom:container-demuxer-ogg: 62fdf1f143b41e24485cea50d1cbac27 -> 
  custom:video-encoder-webm-vp8: eb34c28f22e8b96e1ab97ce403110664 -> 
  custom:video-decoder-webm-vp8: 9c59270c3fd7afecdb556c50c9e8de78 -> 
  custom:audio-decoder-ogg-vorbis: bf7c407c2cedff20999df2af8eb42d56 -> 
  custom:audio-encoder-webm-vorbis: bf7c407c2cedff20999df2af8eb42d56 -> 
========================================================================
Received Import Request.
  path: Assets/Scenes
  artifactKey: Guid(7a5579a1356663644bbdce632c27f133) Importer(815301076,1909f56bfc062723c751e8b465ee728b)
Start importing Assets/Scenes using Guid(7a5579a1356663644bbdce632c27f133) Importer(815301076,1909f56bfc062723c751e8b465ee728b)  -> (artifact id: '71a27c69d8eb507b4ea785a4f98d11ea') in 0.005473 seconds 
  Import took 0.007783 seconds .

========================================================================
Received Import Request.
  Time since last request: 0.000134 seconds.
  path: Assets/Scenes/SampleScene.unity
  artifactKey: Guid(9fc0d4010bbf28b4594072e72b8655ab) Importer(815301076,1909f56bfc062723c751e8b465ee728b)
Start importing Assets/Scenes/SampleScene.unity using Guid(9fc0d4010bbf28b4594072e72b8655ab) Importer(815301076,1909f56bfc062723c751e8b465ee728b)  -> (artifact id: '85059f4f9e1a832ed95adaa0d25c5c4c') in 0.008654 seconds 
  Import took 0.010993 seconds .

========================================================================
Received Import Request.
  Time since last request: 14.941426 seconds.
  path: Assets/Samples
  artifactKey: Guid(38ddb0a117cb6b543958565d0bab93c7) Importer(815301076,1909f56bfc062723c751e8b465ee728b)
Start importing Assets/Samples using Guid(38ddb0a117cb6b543958565d0bab93c7) Importer(815301076,1909f56bfc062723c751e8b465ee728b)  -> (artifact id: '04517636a176e9cc82791dcca1dcca0a') in 0.002905 seconds 
  Import took 0.005358 seconds .

========================================================================
Received Import Request.
  Time since last request: 0.345440 seconds.
  path: Assets/Samples/OpenXR Plugin
  artifactKey: Guid(b4ebe9fc4928e1c439c0ec6bfe64ace7) Importer(815301076,1909f56bfc062723c751e8b465ee728b)
Start importing Assets/Samples/OpenXR Plugin using Guid(b4ebe9fc4928e1c439c0ec6bfe64ace7) Importer(815301076,1909f56bfc062723c751e8b465ee728b)  -> (artifact id: 'c0c498bc110cc686d7fa7f72003cfb4a') in 0.002848 seconds 
  Import took 0.005352 seconds .

========================================================================
Received Import Request.
  Time since last request: 2.639760 seconds.
  path: Assets/Samples/OpenXR Plugin/1.2.8/Controller/ControllerSample.unity
  artifactKey: Guid(edb91e86bd8b7dc4ca40ad6c3167de73) Importer(815301076,1909f56bfc062723c751e8b465ee728b)
Start importing Assets/Samples/OpenXR Plugin/1.2.8/Controller/ControllerSample.unity using Guid(edb91e86bd8b7dc4ca40ad6c3167de73) Importer(815301076,1909f56bfc062723c751e8b465ee728b)  -> (artifact id: '1ea7a025900e5e618d6e65bac17e112e') in 0.003154 seconds 
  Import took 0.005710 seconds .

========================================================================
Received Import Request.
  Time since last request: 136.366850 seconds.
  path: Assets
  artifactKey: Guid(00000000000000001000000000000000) Importer(815301076,1909f56bfc062723c751e8b465ee728b)
Start importing Assets using Guid(00000000000000001000000000000000) Importer(815301076,1909f56bfc062723c751e8b465ee728b)  -> (artifact id: '42d402b061de3733987d63b9cc3b64de') in 0.002930 seconds 
  Import took 0.005549 seconds .

========================================================================
Received Import Request.
  Time since last request: 16.140733 seconds.
  path: Assets/LumberJackActions.inputactions
  artifactKey: Guid(7db1e6011ed37c34b914d297d16a7284) Importer(815301076,1909f56bfc062723c751e8b465ee728b)
Start importing Assets/LumberJackActions.inputactions using Guid(7db1e6011ed37c34b914d297d16a7284) Importer(815301076,1909f56bfc062723c751e8b465ee728b)  -> (artifact id: '35cfcee292b49c9a29e3187eb2c44911') in 0.021929 seconds 
  Import took 0.024649 seconds .

========================================================================
Received Import Request.
  Time since last request: 167.414042 seconds.
  path: Assets/LumberJackActions.inputactions
  artifactKey: Guid(7db1e6011ed37c34b914d297d16a7284) Importer(815301076,1909f56bfc062723c751e8b465ee728b)
Start importing Assets/LumberJackActions.inputactions using Guid(7db1e6011ed37c34b914d297d16a7284) Importer(815301076,1909f56bfc062723c751e8b465ee728b)  -> (artifact id: 'a144c988f36631b9fe61840b69f7b4e8') in 0.006005 seconds 
  Import took 0.008859 seconds .

========================================================================
Received Import Request.
  Time since last request: 0.000322 seconds.
  path: Assets/LumberJackActions.inputactions
  artifactKey: Guid(7db1e6011ed37c34b914d297d16a7284) Importer(815301076,1909f56bfc062723c751e8b465ee728b)
Start importing Assets/LumberJackActions.inputactions using Guid(7db1e6011ed37c34b914d297d16a7284) Importer(815301076,1909f56bfc062723c751e8b465ee728b)  -> (artifact id: 'a144c988f36631b9fe61840b69f7b4e8') in 0.003458 seconds 
  Import took 0.006129 seconds .

========================================================================
Received Import Request.
  Time since last request: 17.123011 seconds.
  path: Assets/LumberJackActions.inputactions
  artifactKey: Guid(7db1e6011ed37c34b914d297d16a7284) Importer(815301076,1909f56bfc062723c751e8b465ee728b)
Start importing Assets/LumberJackActions.inputactions using Guid(7db1e6011ed37c34b914d297d16a7284) Importer(815301076,1909f56bfc062723c751e8b465ee728b)  -> (artifact id: 'dc02799d05d7d259ce807a71b1f2758f') in 0.003853 seconds 
  Import took 0.006551 seconds .

========================================================================
Received Import Request.
  Time since last request: 0.010843 seconds.
  path: Assets/LumberJackActions.inputactions
  artifactKey: Guid(7db1e6011ed37c34b914d297d16a7284) Importer(815301076,1909f56bfc062723c751e8b465ee728b)
Start importing Assets/LumberJackActions.inputactions using Guid(7db1e6011ed37c34b914d297d16a7284) Importer(815301076,1909f56bfc062723c751e8b465ee728b)  -> (artifact id: 'dc02799d05d7d259ce807a71b1f2758f') in 0.003811 seconds 
  Import took 0.006454 seconds .

========================================================================
Received Prepare
Registering precompiled user dll's ...
Registered in 0.010898 seconds.
Begin MonoManager ReloadAssembly
Native extension for WindowsStandalone target not found
Refreshing native plugins compatible for Editor in 0.61 ms, found 7 plugins.
Preloading 0 native plugins for Editor in 0.00 ms.
Mono: successfully reloaded assembly
- Completed reload, in  0.877 seconds
Platform modules already initialized, skipping
Refreshing native plugins compatible for Editor in 0.58 ms, found 7 plugins.
Preloading 0 native plugins for Editor in 0.00 ms.
Unloading 1861 Unused Serialized files (Serialized files now loaded: 0)
System memory in use before: 82.6 MB.
System memory in use after: 82.7 MB.

Unloading 32 unused Assets to reduce memory usage. Loaded Objects now: 2316.
Total: 2.000200 ms (FindLiveObjects: 0.188100 ms CreateObjectMapping: 0.043200 ms MarkObjects: 1.712700 ms  DeleteObjects: 0.055200 ms)

AssetImportParameters requested are different than current active one (requested -> active):
  custom:framework-win-MediaFoundation: 216162199b28c13a410421893ffa2e32 -> 
  custom:video-decoder-ogg-theora: a1e56fd34408186e4bbccfd4996cb3dc -> 
  custom:container-muxer-webm: aa71ff27fc2769a1b78a27578f13a17b -> 
  custom:container-demuxer-webm: 4f35f7cbe854078d1ac9338744f61a02 -> 
  custom:container-demuxer-ogg: 62fdf1f143b41e24485cea50d1cbac27 -> 
  custom:video-encoder-webm-vp8: eb34c28f22e8b96e1ab97ce403110664 -> 
  custom:video-decoder-webm-vp8: 9c59270c3fd7afecdb556c50c9e8de78 -> 
  custom:audio-decoder-ogg-vorbis: bf7c407c2cedff20999df2af8eb42d56 -> 
  custom:audio-encoder-webm-vorbis: bf7c407c2cedff20999df2af8eb42d56 -> 
========================================================================
Received Import Request.
  Time since last request: 25.440208 seconds.
  path: Assets/LumberJackActions.cs
  artifactKey: Guid(453f9345df081fb4f87ed75a1d27e5df) Importer(815301076,1909f56bfc062723c751e8b465ee728b)
Start importing Assets/LumberJackActions.cs using Guid(453f9345df081fb4f87ed75a1d27e5df) Importer(815301076,1909f56bfc062723c751e8b465ee728b)  -> (artifact id: 'c47a6aa6c19128f66dc655009436fc9e') in 0.007747 seconds 
  Import took 0.010299 seconds .

========================================================================
Received Import Request.
  Time since last request: 0.017502 seconds.
  path: Assets/LumberJackActions.cs
  artifactKey: Guid(453f9345df081fb4f87ed75a1d27e5df) Importer(815301076,1909f56bfc062723c751e8b465ee728b)
Start importing Assets/LumberJackActions.cs using Guid(453f9345df081fb4f87ed75a1d27e5df) Importer(815301076,1909f56bfc062723c751e8b465ee728b)  -> (artifact id: 'c47a6aa6c19128f66dc655009436fc9e') in 0.002796 seconds 
  Import took 0.005640 seconds .

========================================================================
Received Import Request.
  Time since last request: 18.812461 seconds.
  path: Assets/Scripts
  artifactKey: Guid(38145bf9f60b3d04fa1f6ae5c1e5eb6e) Importer(815301076,1909f56bfc062723c751e8b465ee728b)
Start importing Assets/Scripts using Guid(38145bf9f60b3d04fa1f6ae5c1e5eb6e) Importer(815301076,1909f56bfc062723c751e8b465ee728b)  -> (artifact id: '5e4a487baa32ba03801719fd92304a3f') in 0.002826 seconds 
  Import took 0.005229 seconds .

========================================================================
Received Import Request.
  Time since last request: 6.963390 seconds.
  path: Assets/Scripts/Test.cs
  artifactKey: Guid(eb6e30dadeef0b445b18ede67150e5a8) Importer(815301076,1909f56bfc062723c751e8b465ee728b)
Start importing Assets/Scripts/Test.cs using Guid(eb6e30dadeef0b445b18ede67150e5a8) Importer(815301076,1909f56bfc062723c751e8b465ee728b)  -> (artifact id: '0eb33074a8d0ea416522432a8b99d904') in 0.002834 seconds 
  Import took 0.005234 seconds .

========================================================================
Received Prepare
Registering precompiled user dll's ...
Registered in 0.011594 seconds.
Begin MonoManager ReloadAssembly
Native extension for WindowsStandalone target not found
Refreshing native plugins compatible for Editor in 0.61 ms, found 7 plugins.
Preloading 0 native plugins for Editor in 0.00 ms.
Mono: successfully reloaded assembly
- Completed reload, in  0.898 seconds
Platform modules already initialized, skipping
Refreshing native plugins compatible for Editor in 0.59 ms, found 7 plugins.
Preloading 0 native plugins for Editor in 0.00 ms.
Unloading 1862 Unused Serialized files (Serialized files now loaded: 0)
System memory in use before: 82.7 MB.
System memory in use after: 82.8 MB.

Unloading 32 unused Assets to reduce memory usage. Loaded Objects now: 2321.
Total: 2.114300 ms (FindLiveObjects: 0.224200 ms CreateObjectMapping: 0.041700 ms MarkObjects: 1.789100 ms  DeleteObjects: 0.058300 ms)

AssetImportParameters requested are different than current active one (requested -> active):
  custom:framework-win-MediaFoundation: 216162199b28c13a410421893ffa2e32 -> 
  custom:video-decoder-ogg-theora: a1e56fd34408186e4bbccfd4996cb3dc -> 
  custom:container-muxer-webm: aa71ff27fc2769a1b78a27578f13a17b -> 
  custom:container-demuxer-webm: 4f35f7cbe854078d1ac9338744f61a02 -> 
  custom:container-demuxer-ogg: 62fdf1f143b41e24485cea50d1cbac27 -> 
  custom:video-encoder-webm-vp8: eb34c28f22e8b96e1ab97ce403110664 -> 
  custom:video-decoder-webm-vp8: 9c59270c3fd7afecdb556c50c9e8de78 -> 
  custom:audio-decoder-ogg-vorbis: bf7c407c2cedff20999df2af8eb42d56 -> 
  custom:audio-encoder-webm-vorbis: bf7c407c2cedff20999df2af8eb42d56 -> 
========================================================================
Received Prepare
Registering precompiled user dll's ...
Registered in 0.011901 seconds.
Begin MonoManager ReloadAssembly
Native extension for WindowsStandalone target not found
Refreshing native plugins compatible for Editor in 0.58 ms, found 7 plugins.
Preloading 0 native plugins for Editor in 0.00 ms.
Mono: successfully reloaded assembly
- Completed reload, in  0.918 seconds
Platform modules already initialized, skipping
Refreshing native plugins compatible for Editor in 0.55 ms, found 7 plugins.
Preloading 0 native plugins for Editor in 0.00 ms.
Unloading 1862 Unused Serialized files (Serialized files now loaded: 0)
System memory in use before: 82.7 MB.
System memory in use after: 82.8 MB.

Unloading 32 unused Assets to reduce memory usage. Loaded Objects now: 2325.
Total: 2.033100 ms (FindLiveObjects: 0.193300 ms CreateObjectMapping: 0.043500 ms MarkObjects: 1.740600 ms  DeleteObjects: 0.054300 ms)

AssetImportParameters requested are different than current active one (requested -> active):
  custom:framework-win-MediaFoundation: 216162199b28c13a410421893ffa2e32 -> 
  custom:video-decoder-ogg-theora: a1e56fd34408186e4bbccfd4996cb3dc -> 
  custom:container-muxer-webm: aa71ff27fc2769a1b78a27578f13a17b -> 
  custom:container-demuxer-webm: 4f35f7cbe854078d1ac9338744f61a02 -> 
  custom:container-demuxer-ogg: 62fdf1f143b41e24485cea50d1cbac27 -> 
  custom:video-encoder-webm-vp8: eb34c28f22e8b96e1ab97ce403110664 -> 
  custom:video-decoder-webm-vp8: 9c59270c3fd7afecdb556c50c9e8de78 -> 
  custom:audio-decoder-ogg-vorbis: bf7c407c2cedff20999df2af8eb42d56 -> 
  custom:audio-encoder-webm-vorbis: bf7c407c2cedff20999df2af8eb42d56 -> 
========================================================================
Received Import Request.
  Time since last request: 69.975300 seconds.
  path: Assets/Scripts/Test.cs
  artifactKey: Guid(eb6e30dadeef0b445b18ede67150e5a8) Importer(815301076,1909f56bfc062723c751e8b465ee728b)
Start importing Assets/Scripts/Test.cs using Guid(eb6e30dadeef0b445b18ede67150e5a8) Importer(815301076,1909f56bfc062723c751e8b465ee728b)  -> (artifact id: '1c60fd570594cde14abf2d4967e35358') in 0.005226 seconds 
  Import took 0.007532 seconds .

========================================================================
Received Prepare
Registering precompiled user dll's ...
Registered in 0.011713 seconds.
Begin MonoManager ReloadAssembly
Native extension for WindowsStandalone target not found
Refreshing native plugins compatible for Editor in 0.57 ms, found 7 plugins.
Preloading 0 native plugins for Editor in 0.00 ms.
Mono: successfully reloaded assembly
- Completed reload, in  0.914 seconds
Platform modules already initialized, skipping
Refreshing native plugins compatible for Editor in 0.57 ms, found 7 plugins.
Preloading 0 native plugins for Editor in 0.00 ms.
Unloading 1862 Unused Serialized files (Serialized files now loaded: 0)
System memory in use before: 82.8 MB.
System memory in use after: 82.8 MB.

Unloading 32 unused Assets to reduce memory usage. Loaded Objects now: 2329.
Total: 2.054900 ms (FindLiveObjects: 0.184700 ms CreateObjectMapping: 0.041400 ms MarkObjects: 1.772400 ms  DeleteObjects: 0.055400 ms)

AssetImportParameters requested are different than current active one (requested -> active):
  custom:framework-win-MediaFoundation: 216162199b28c13a410421893ffa2e32 -> 
  custom:video-decoder-ogg-theora: a1e56fd34408186e4bbccfd4996cb3dc -> 
  custom:container-muxer-webm: aa71ff27fc2769a1b78a27578f13a17b -> 
  custom:container-demuxer-webm: 4f35f7cbe854078d1ac9338744f61a02 -> 
  custom:container-demuxer-ogg: 62fdf1f143b41e24485cea50d1cbac27 -> 
  custom:video-encoder-webm-vp8: eb34c28f22e8b96e1ab97ce403110664 -> 
  custom:video-decoder-webm-vp8: 9c59270c3fd7afecdb556c50c9e8de78 -> 
  custom:audio-decoder-ogg-vorbis: bf7c407c2cedff20999df2af8eb42d56 -> 
  custom:audio-encoder-webm-vorbis: bf7c407c2cedff20999df2af8eb42d56 -> 
AssetImportWorkerClient::OnTransportError - code=2 error=End of file
